[0.930s] Invoking command in '/home/sakamoto/ros2_ws/src/mypkg': PYTHONPATH=/home/sakamoto/ros2_ws/build/mypkg/prefix_override:/usr/lib/python3/dist-packages/colcon_core/task/python/colcon_distutils_commands:/home/sakamoto/ros2_ws/install/mypkg/lib/python3.8/site-packages:${PYTHONPATH} /usr/bin/python3 -W ignore:setup.py install is deprecated setup.py egg_info --egg-base ../../build/mypkg build --build-base /home/sakamoto/ros2_ws/build/mypkg/build install --record /home/sakamoto/ros2_ws/build/mypkg/install.log --install-scripts $base/lib/mypkg --single-version-externally-managed install_data
[1.170s] running egg_info
[1.171s] creating ../../build/mypkg/mypkg.egg-info
[1.171s] writing ../../build/mypkg/mypkg.egg-info/PKG-INFO
[1.172s] writing dependency_links to ../../build/mypkg/mypkg.egg-info/dependency_links.txt
[1.172s] writing entry points to ../../build/mypkg/mypkg.egg-info/entry_points.txt
[1.173s] writing requirements to ../../build/mypkg/mypkg.egg-info/requires.txt
[1.173s] writing top-level names to ../../build/mypkg/mypkg.egg-info/top_level.txt
[1.189s] writing manifest file '../../build/mypkg/mypkg.egg-info/SOURCES.txt'
[1.229s] reading manifest file '../../build/mypkg/mypkg.egg-info/SOURCES.txt'
[1.230s] writing manifest file '../../build/mypkg/mypkg.egg-info/SOURCES.txt'
[1.230s] running build
[1.230s] running build_py
[1.230s] creating /home/sakamoto/ros2_ws/build/mypkg/build
[1.231s] creating /home/sakamoto/ros2_ws/build/mypkg/build/lib
[1.231s] creating /home/sakamoto/ros2_ws/build/mypkg/build/lib/mypkg
[1.231s] copying mypkg/__init__.py -> /home/sakamoto/ros2_ws/build/mypkg/build/lib/mypkg
[1.231s] running install
[1.232s] running install_lib
[1.234s] creating /home/sakamoto/ros2_ws/install/mypkg/lib/python3.8/site-packages/mypkg
[1.234s] copying /home/sakamoto/ros2_ws/build/mypkg/build/lib/mypkg/__init__.py -> /home/sakamoto/ros2_ws/install/mypkg/lib/python3.8/site-packages/mypkg
[1.234s] byte-compiling /home/sakamoto/ros2_ws/install/mypkg/lib/python3.8/site-packages/mypkg/__init__.py to __init__.cpython-38.pyc
[1.236s] running install_data
[1.236s] creating /home/sakamoto/ros2_ws/install/mypkg/share/ament_index
[1.236s] creating /home/sakamoto/ros2_ws/install/mypkg/share/ament_index/resource_index
[1.237s] creating /home/sakamoto/ros2_ws/install/mypkg/share/ament_index/resource_index/packages
[1.237s] copying resource/mypkg -> /home/sakamoto/ros2_ws/install/mypkg/share/ament_index/resource_index/packages
[1.237s] copying package.xml -> /home/sakamoto/ros2_ws/install/mypkg/share/mypkg
[1.237s] running install_egg_info
[1.239s] Copying ../../build/mypkg/mypkg.egg-info to /home/sakamoto/ros2_ws/install/mypkg/lib/python3.8/site-packages/mypkg-0.0.0-py3.8.egg-info
[1.240s] running install_scripts
[1.262s] writing list of installed files to '/home/sakamoto/ros2_ws/build/mypkg/install.log'
[1.287s] Invoked command in '/home/sakamoto/ros2_ws/src/mypkg' returned '0': PYTHONPATH=/home/sakamoto/ros2_ws/build/mypkg/prefix_override:/usr/lib/python3/dist-packages/colcon_core/task/python/colcon_distutils_commands:/home/sakamoto/ros2_ws/install/mypkg/lib/python3.8/site-packages:${PYTHONPATH} /usr/bin/python3 -W ignore:setup.py install is deprecated setup.py egg_info --egg-base ../../build/mypkg build --build-base /home/sakamoto/ros2_ws/build/mypkg/build install --record /home/sakamoto/ros2_ws/build/mypkg/install.log --install-scripts $base/lib/mypkg --single-version-externally-managed install_data
