[0.583s] DEBUG:colcon:Command line arguments: ['/usr/bin/colcon', 'build']
[0.583s] DEBUG:colcon:Parsed command line arguments: Namespace(allow_overriding=[], ament_cmake_args=None, base_paths=['.'], build_base='build', catkin_cmake_args=None, catkin_skip_building_tests=False, cmake_args=None, cmake_clean_cache=False, cmake_clean_first=False, cmake_force_configure=False, cmake_target=None, cmake_target_skip_unavailable=False, continue_on_error=False, event_handlers=None, executor='parallel', ignore_user_meta=False, install_base='install', log_base=None, log_level=None, main=<bound method BuildVerb.main of <colcon_core.verb.build.BuildVerb object at 0x7f143c8e5d60>>, merge_install=False, metas=['./colcon.meta'], packages_above=None, packages_above_and_dependencies=None, packages_above_depth=None, packages_end=None, packages_ignore=None, packages_ignore_regex=None, packages_select=None, packages_select_build_failed=False, packages_select_by_dep=None, packages_select_regex=None, packages_select_test_failures=False, packages_skip=None, packages_skip_build_finished=False, packages_skip_by_dep=None, packages_skip_regex=None, packages_skip_test_passed=False, packages_skip_up_to=None, packages_start=None, packages_up_to=None, packages_up_to_regex=None, parallel_workers=12, paths=None, symlink_install=False, test_result_base=None, verb_extension=<colcon_core.verb.build.BuildVerb object at 0x7f143c8e5d60>, verb_name='build', verb_parser=<colcon_defaults.argument_parser.defaults.DefaultArgumentsDecorator object at 0x7f143c7e2b20>)
[0.780s] Level 1:colcon.colcon_core.package_discovery:discover_packages(colcon_meta) check parameters
[0.781s] Level 1:colcon.colcon_core.package_discovery:discover_packages(recursive) check parameters
[0.781s] Level 1:colcon.colcon_core.package_discovery:discover_packages(ignore) check parameters
[0.781s] Level 1:colcon.colcon_core.package_discovery:discover_packages(path) check parameters
[0.781s] Level 1:colcon.colcon_core.package_discovery:discover_packages(colcon_meta) discover
[0.781s] Level 1:colcon.colcon_core.package_discovery:discover_packages(recursive) discover
[0.781s] INFO:colcon.colcon_core.package_discovery:Crawling recursively for packages in '/home/sakamoto/ros2_ws'
[0.781s] Level 1:colcon.colcon_core.package_identification:_identify(.) by extensions ['ignore', 'ignore_ament_install']
[0.781s] Level 1:colcon.colcon_core.package_identification:_identify(.) by extension 'ignore'
[0.781s] Level 1:colcon.colcon_core.package_identification:_identify(.) by extension 'ignore_ament_install'
[0.781s] Level 1:colcon.colcon_core.package_identification:_identify(.) by extensions ['colcon_pkg']
[0.781s] Level 1:colcon.colcon_core.package_identification:_identify(.) by extension 'colcon_pkg'
[0.781s] Level 1:colcon.colcon_core.package_identification:_identify(.) by extensions ['colcon_meta']
[0.781s] Level 1:colcon.colcon_core.package_identification:_identify(.) by extension 'colcon_meta'
[0.781s] Level 1:colcon.colcon_core.package_identification:_identify(.) by extensions ['ros']
[0.781s] Level 1:colcon.colcon_core.package_identification:_identify(.) by extension 'ros'
[0.796s] Level 1:colcon.colcon_core.package_identification:_identify(.) by extensions ['cmake', 'python']
[0.796s] Level 1:colcon.colcon_core.package_identification:_identify(.) by extension 'cmake'
[0.797s] Level 1:colcon.colcon_core.package_identification:_identify(.) by extension 'python'
[0.797s] Level 1:colcon.colcon_core.package_identification:_identify(.) by extensions ['python_setup_py']
[0.797s] Level 1:colcon.colcon_core.package_identification:_identify(.) by extension 'python_setup_py'
[0.797s] Level 1:colcon.colcon_core.package_identification:_identify(build) by extensions ['ignore', 'ignore_ament_install']
[0.797s] Level 1:colcon.colcon_core.package_identification:_identify(build) by extension 'ignore'
[0.797s] Level 1:colcon.colcon_core.package_identification:_identify(build) ignored
[0.797s] Level 1:colcon.colcon_core.package_identification:_identify(install) by extensions ['ignore', 'ignore_ament_install']
[0.797s] Level 1:colcon.colcon_core.package_identification:_identify(install) by extension 'ignore'
[0.797s] Level 1:colcon.colcon_core.package_identification:_identify(install) ignored
[0.797s] Level 1:colcon.colcon_core.package_identification:_identify(log) by extensions ['ignore', 'ignore_ament_install']
[0.798s] Level 1:colcon.colcon_core.package_identification:_identify(log) by extension 'ignore'
[0.798s] Level 1:colcon.colcon_core.package_identification:_identify(log) ignored
[0.798s] Level 1:colcon.colcon_core.package_identification:_identify(src) by extensions ['ignore', 'ignore_ament_install']
[0.798s] Level 1:colcon.colcon_core.package_identification:_identify(src) by extension 'ignore'
[0.798s] Level 1:colcon.colcon_core.package_identification:_identify(src) by extension 'ignore_ament_install'
[0.798s] Level 1:colcon.colcon_core.package_identification:_identify(src) by extensions ['colcon_pkg']
[0.798s] Level 1:colcon.colcon_core.package_identification:_identify(src) by extension 'colcon_pkg'
[0.798s] Level 1:colcon.colcon_core.package_identification:_identify(src) by extensions ['colcon_meta']
[0.798s] Level 1:colcon.colcon_core.package_identification:_identify(src) by extension 'colcon_meta'
[0.798s] Level 1:colcon.colcon_core.package_identification:_identify(src) by extensions ['ros']
[0.798s] Level 1:colcon.colcon_core.package_identification:_identify(src) by extension 'ros'
[0.798s] Level 1:colcon.colcon_core.package_identification:_identify(src) by extensions ['cmake', 'python']
[0.798s] Level 1:colcon.colcon_core.package_identification:_identify(src) by extension 'cmake'
[0.798s] Level 1:colcon.colcon_core.package_identification:_identify(src) by extension 'python'
[0.798s] Level 1:colcon.colcon_core.package_identification:_identify(src) by extensions ['python_setup_py']
[0.798s] Level 1:colcon.colcon_core.package_identification:_identify(src) by extension 'python_setup_py'
[0.798s] Level 1:colcon.colcon_core.package_identification:_identify(src/mypkg) by extensions ['ignore', 'ignore_ament_install']
[0.798s] Level 1:colcon.colcon_core.package_identification:_identify(src/mypkg) by extension 'ignore'
[0.799s] Level 1:colcon.colcon_core.package_identification:_identify(src/mypkg) by extension 'ignore_ament_install'
[0.799s] Level 1:colcon.colcon_core.package_identification:_identify(src/mypkg) by extensions ['colcon_pkg']
[0.799s] Level 1:colcon.colcon_core.package_identification:_identify(src/mypkg) by extension 'colcon_pkg'
[0.799s] Level 1:colcon.colcon_core.package_identification:_identify(src/mypkg) by extensions ['colcon_meta']
[0.799s] Level 1:colcon.colcon_core.package_identification:_identify(src/mypkg) by extension 'colcon_meta'
[0.799s] Level 1:colcon.colcon_core.package_identification:_identify(src/mypkg) by extensions ['ros']
[0.799s] Level 1:colcon.colcon_core.package_identification:_identify(src/mypkg) by extension 'ros'
[0.804s] DEBUG:colcon.colcon_core.package_identification:Package 'src/mypkg' with type 'ros.ament_python' and name 'mypkg'
[0.805s] Level 1:colcon.colcon_core.package_discovery:discover_packages(recursive) using defaults
[0.805s] Level 1:colcon.colcon_core.package_discovery:discover_packages(ignore) discover
[0.805s] Level 1:colcon.colcon_core.package_discovery:discover_packages(ignore) using defaults
[0.805s] Level 1:colcon.colcon_core.package_discovery:discover_packages(path) discover
[0.805s] Level 1:colcon.colcon_core.package_discovery:discover_packages(path) using defaults
[0.846s] Level 1:colcon.colcon_core.package_discovery:discover_packages(prefix_path) check parameters
[0.846s] Level 1:colcon.colcon_core.package_discovery:discover_packages(prefix_path) discover
[0.856s] DEBUG:colcon.colcon_installed_package_information.package_discovery:Found 256 installed packages in /opt/ros/foxy
[0.858s] Level 1:colcon.colcon_core.package_discovery:discover_packages(prefix_path) using defaults
[1.050s] Level 5:colcon.colcon_core.verb:set package 'mypkg' build argument 'cmake_args' from command line to 'None'
[1.050s] Level 5:colcon.colcon_core.verb:set package 'mypkg' build argument 'cmake_target' from command line to 'None'
[1.050s] Level 5:colcon.colcon_core.verb:set package 'mypkg' build argument 'cmake_target_skip_unavailable' from command line to 'False'
[1.050s] Level 5:colcon.colcon_core.verb:set package 'mypkg' build argument 'cmake_clean_cache' from command line to 'False'
[1.050s] Level 5:colcon.colcon_core.verb:set package 'mypkg' build argument 'cmake_clean_first' from command line to 'False'
[1.050s] Level 5:colcon.colcon_core.verb:set package 'mypkg' build argument 'cmake_force_configure' from command line to 'False'
[1.050s] Level 5:colcon.colcon_core.verb:set package 'mypkg' build argument 'ament_cmake_args' from command line to 'None'
[1.050s] Level 5:colcon.colcon_core.verb:set package 'mypkg' build argument 'catkin_cmake_args' from command line to 'None'
[1.050s] Level 5:colcon.colcon_core.verb:set package 'mypkg' build argument 'catkin_skip_building_tests' from command line to 'False'
[1.050s] DEBUG:colcon.colcon_core.verb:Building package 'mypkg' with the following arguments: {'ament_cmake_args': None, 'build_base': '/home/sakamoto/ros2_ws/build/mypkg', 'catkin_cmake_args': None, 'catkin_skip_building_tests': False, 'cmake_args': None, 'cmake_clean_cache': False, 'cmake_clean_first': False, 'cmake_force_configure': False, 'cmake_target': None, 'cmake_target_skip_unavailable': False, 'install_base': '/home/sakamoto/ros2_ws/install/mypkg', 'merge_install': False, 'path': '/home/sakamoto/ros2_ws/src/mypkg', 'symlink_install': False, 'test_result_base': None}
[1.051s] INFO:colcon.colcon_core.executor:Executing jobs using 'parallel' executor
[1.052s] DEBUG:colcon.colcon_parallel_executor.executor.parallel:run_until_complete
[1.053s] INFO:colcon.colcon_ros.task.ament_python.build:Building ROS package in '/home/sakamoto/ros2_ws/src/mypkg' with build type 'ament_python'
[1.055s] Level 1:colcon.colcon_core.shell:create_environment_hook('mypkg', 'ament_prefix_path')
[1.068s] INFO:colcon.colcon_core.plugin_system:Skipping extension 'colcon_core.shell.bat': Not used on non-Windows systems
[1.068s] INFO:colcon.colcon_core.shell:Creating environment hook '/home/sakamoto/ros2_ws/install/mypkg/share/mypkg/hook/ament_prefix_path.ps1'
[1.073s] INFO:colcon.colcon_core.shell:Creating environment descriptor '/home/sakamoto/ros2_ws/install/mypkg/share/mypkg/hook/ament_prefix_path.dsv'
[1.076s] INFO:colcon.colcon_core.shell:Creating environment hook '/home/sakamoto/ros2_ws/install/mypkg/share/mypkg/hook/ament_prefix_path.sh'
[1.080s] INFO:colcon.colcon_core.shell:Skip shell extension 'powershell' for command environment: Not usable outside of PowerShell
[1.080s] DEBUG:colcon.colcon_core.shell:Skip shell extension 'dsv' for command environment
[1.364s] INFO:colcon.colcon_core.task.python.build:Building Python package in '/home/sakamoto/ros2_ws/src/mypkg'
[1.365s] INFO:colcon.colcon_core.shell:Skip shell extension 'powershell' for command environment: Not usable outside of PowerShell
[1.365s] DEBUG:colcon.colcon_core.shell:Skip shell extension 'dsv' for command environment
[1.984s] DEBUG:colcon.colcon_core.event_handler.log_command:Invoking command in '/home/sakamoto/ros2_ws/src/mypkg': PYTHONPATH=/home/sakamoto/ros2_ws/build/mypkg/prefix_override:/usr/lib/python3/dist-packages/colcon_core/task/python/colcon_distutils_commands:/home/sakamoto/ros2_ws/install/mypkg/lib/python3.8/site-packages:${PYTHONPATH} /usr/bin/python3 -W ignore:setup.py install is deprecated setup.py egg_info --egg-base ../../build/mypkg build --build-base /home/sakamoto/ros2_ws/build/mypkg/build install --record /home/sakamoto/ros2_ws/build/mypkg/install.log --install-scripts $base/lib/mypkg --single-version-externally-managed install_data
[2.340s] DEBUG:colcon.colcon_core.event_handler.log_command:Invoked command in '/home/sakamoto/ros2_ws/src/mypkg' returned '0': PYTHONPATH=/home/sakamoto/ros2_ws/build/mypkg/prefix_override:/usr/lib/python3/dist-packages/colcon_core/task/python/colcon_distutils_commands:/home/sakamoto/ros2_ws/install/mypkg/lib/python3.8/site-packages:${PYTHONPATH} /usr/bin/python3 -W ignore:setup.py install is deprecated setup.py egg_info --egg-base ../../build/mypkg build --build-base /home/sakamoto/ros2_ws/build/mypkg/build install --record /home/sakamoto/ros2_ws/build/mypkg/install.log --install-scripts $base/lib/mypkg --single-version-externally-managed install_data
[2.357s] Level 1:colcon.colcon_core.environment:checking '/home/sakamoto/ros2_ws/install/mypkg' for CMake module files
[2.358s] Level 1:colcon.colcon_core.environment:checking '/home/sakamoto/ros2_ws/install/mypkg' for CMake config files
[2.360s] Level 1:colcon.colcon_core.environment:checking '/home/sakamoto/ros2_ws/install/mypkg/lib'
[2.360s] Level 1:colcon.colcon_core.environment:checking '/home/sakamoto/ros2_ws/install/mypkg/bin'
[2.360s] Level 1:colcon.colcon_core.environment:checking '/home/sakamoto/ros2_ws/install/mypkg/lib/pkgconfig/mypkg.pc'
[2.362s] Level 1:colcon.colcon_core.environment:checking '/home/sakamoto/ros2_ws/install/mypkg/lib/python3.8/site-packages'
[2.362s] Level 1:colcon.colcon_core.shell:create_environment_hook('mypkg', 'pythonpath')
[2.362s] INFO:colcon.colcon_core.shell:Creating environment hook '/home/sakamoto/ros2_ws/install/mypkg/share/mypkg/hook/pythonpath.ps1'
[2.363s] INFO:colcon.colcon_core.shell:Creating environment descriptor '/home/sakamoto/ros2_ws/install/mypkg/share/mypkg/hook/pythonpath.dsv'
[2.363s] INFO:colcon.colcon_core.shell:Creating environment hook '/home/sakamoto/ros2_ws/install/mypkg/share/mypkg/hook/pythonpath.sh'
[2.364s] Level 1:colcon.colcon_core.environment:checking '/home/sakamoto/ros2_ws/install/mypkg/bin'
[2.364s] Level 1:colcon.colcon_core.environment:create_environment_scripts_only(mypkg)
[2.364s] INFO:colcon.colcon_core.shell:Creating package script '/home/sakamoto/ros2_ws/install/mypkg/share/mypkg/package.ps1'
[2.366s] INFO:colcon.colcon_core.shell:Creating package descriptor '/home/sakamoto/ros2_ws/install/mypkg/share/mypkg/package.dsv'
[2.368s] INFO:colcon.colcon_core.shell:Creating package script '/home/sakamoto/ros2_ws/install/mypkg/share/mypkg/package.sh'
[2.369s] INFO:colcon.colcon_core.shell:Creating package script '/home/sakamoto/ros2_ws/install/mypkg/share/mypkg/package.bash'
[2.371s] INFO:colcon.colcon_core.shell:Creating package script '/home/sakamoto/ros2_ws/install/mypkg/share/mypkg/package.zsh'
[2.373s] Level 1:colcon.colcon_core.environment:create_file_with_runtime_dependencies(/home/sakamoto/ros2_ws/install/mypkg/share/colcon-core/packages/mypkg)
[2.374s] DEBUG:colcon.colcon_parallel_executor.executor.parallel:closing loop
[2.375s] DEBUG:colcon.colcon_parallel_executor.executor.parallel:loop closed
[2.375s] DEBUG:colcon.colcon_parallel_executor.executor.parallel:run_until_complete finished with '0'
[2.375s] DEBUG:colcon.colcon_core.event_reactor:joining thread
[2.459s] INFO:colcon.colcon_core.plugin_system:Skipping extension 'colcon_notification.desktop_notification.notify_send': Could not find 'notify-send'
[2.459s] INFO:colcon.colcon_core.plugin_system:Skipping extension 'colcon_notification.desktop_notification.terminal_notifier': Not used on non-Darwin systems
[2.459s] INFO:colcon.colcon_core.plugin_system:Skipping extension 'colcon_notification.desktop_notification.win32': Not used on non-Windows systems
[2.459s] INFO:colcon.colcon_notification.desktop_notification:Sending desktop notification using 'notify2'
[2.528s] DEBUG:colcon.colcon_notification.desktop_notification.notify2:Failed to initialize notify2: org.freedesktop.DBus.Error.ServiceUnknown: The name org.freedesktop.Notifications was not provided by any .service files
[2.528s] DEBUG:colcon.colcon_core.event_reactor:joined thread
[2.529s] INFO:colcon.colcon_core.shell:Creating prefix script '/home/sakamoto/ros2_ws/install/local_setup.ps1'
[2.531s] INFO:colcon.colcon_core.shell:Creating prefix util module '/home/sakamoto/ros2_ws/install/_local_setup_util_ps1.py'
[2.533s] INFO:colcon.colcon_core.shell:Creating prefix chain script '/home/sakamoto/ros2_ws/install/setup.ps1'
[2.536s] INFO:colcon.colcon_core.shell:Creating prefix script '/home/sakamoto/ros2_ws/install/local_setup.sh'
[2.537s] INFO:colcon.colcon_core.shell:Creating prefix util module '/home/sakamoto/ros2_ws/install/_local_setup_util_sh.py'
[2.538s] INFO:colcon.colcon_core.shell:Creating prefix chain script '/home/sakamoto/ros2_ws/install/setup.sh'
[2.540s] INFO:colcon.colcon_core.shell:Creating prefix script '/home/sakamoto/ros2_ws/install/local_setup.bash'
[2.541s] INFO:colcon.colcon_core.shell:Creating prefix chain script '/home/sakamoto/ros2_ws/install/setup.bash'
[2.542s] INFO:colcon.colcon_core.shell:Creating prefix script '/home/sakamoto/ros2_ws/install/local_setup.zsh'
[2.544s] INFO:colcon.colcon_core.shell:Creating prefix chain script '/home/sakamoto/ros2_ws/install/setup.zsh'
